This is pdfTeX, Version 3.14159265-2.6-1.40.18 (TeX Live 2017/Debian) (preloaded format=pdflatex 2018.6.6)  20 JUL 2018 12:16
entering extended mode
 restricted \write18 enabled.
 %&-line parsing enabled.
**notes.tex
(./notes.tex
LaTeX2e <2017-04-15>
Babel <3.18> and hyphenation patterns for 3 language(s) loaded.
(/usr/share/texlive/texmf-dist/tex/latex/base/article.cls
Document Class: article 2014/09/29 v1.4h Standard LaTeX document class
(/usr/share/texlive/texmf-dist/tex/latex/base/size10.clo
File: size10.clo 2014/09/29 v1.4h Standard LaTeX file (size option)
)
\c@part=\count79
\c@section=\count80
\c@subsection=\count81
\c@subsubsection=\count82
\c@paragraph=\count83
\c@subparagraph=\count84
\c@figure=\count85
\c@table=\count86
\abovecaptionskip=\skip41
\belowcaptionskip=\skip42
\bibindent=\dimen102
)
(/usr/share/texlive/texmf-dist/tex/latex/amsmath/amsmath.sty
Package: amsmath 2017/09/02 v2.17a AMS math features
\@mathmargin=\skip43

For additional information on amsmath, use the `?' option.
(/usr/share/texlive/texmf-dist/tex/latex/amsmath/amstext.sty
Package: amstext 2000/06/29 v2.01 AMS text

(/usr/share/texlive/texmf-dist/tex/latex/amsmath/amsgen.sty
File: amsgen.sty 1999/11/30 v2.0 generic functions
\@emptytoks=\toks14
\ex@=\dimen103
))
(/usr/share/texlive/texmf-dist/tex/latex/amsmath/amsbsy.sty
Package: amsbsy 1999/11/29 v1.2d Bold Symbols
\pmbraise@=\dimen104
)
(/usr/share/texlive/texmf-dist/tex/latex/amsmath/amsopn.sty
Package: amsopn 2016/03/08 v2.02 operator names
)
\inf@bad=\count87
LaTeX Info: Redefining \frac on input line 213.
\uproot@=\count88
\leftroot@=\count89
LaTeX Info: Redefining \overline on input line 375.
\classnum@=\count90
\DOTSCASE@=\count91
LaTeX Info: Redefining \ldots on input line 472.
LaTeX Info: Redefining \dots on input line 475.
LaTeX Info: Redefining \cdots on input line 596.
\Mathstrutbox@=\box26
\strutbox@=\box27
\big@size=\dimen105
LaTeX Font Info:    Redeclaring font encoding OML on input line 712.
LaTeX Font Info:    Redeclaring font encoding OMS on input line 713.
\macc@depth=\count92
\c@MaxMatrixCols=\count93
\dotsspace@=\muskip10
\c@parentequation=\count94
\dspbrk@lvl=\count95
\tag@help=\toks15
\row@=\count96
\column@=\count97
\maxfields@=\count98
\andhelp@=\toks16
\eqnshift@=\dimen106
\alignsep@=\dimen107
\tagshift@=\dimen108
\tagwidth@=\dimen109
\totwidth@=\dimen110
\lineht@=\dimen111
\@envbody=\toks17
\multlinegap=\skip44
\multlinetaggap=\skip45
\mathdisplay@stack=\toks18
LaTeX Info: Redefining \[ on input line 2817.
LaTeX Info: Redefining \] on input line 2818.
)
(/usr/share/texlive/texmf-dist/tex/latex/amscls/amsthm.sty
Package: amsthm 2017/10/31 v2.20.4
\thm@style=\toks19
\thm@bodyfont=\toks20
\thm@headfont=\toks21
\thm@notefont=\toks22
\thm@headpunct=\toks23
\thm@preskip=\skip46
\thm@postskip=\skip47
\thm@headsep=\skip48
\dth@everypar=\toks24
)
(/usr/share/texlive/texmf-dist/tex/latex/amsfonts/amssymb.sty
Package: amssymb 2013/01/14 v3.01 AMS font symbols

(/usr/share/texlive/texmf-dist/tex/latex/amsfonts/amsfonts.sty
Package: amsfonts 2013/01/14 v3.01 Basic AMSFonts support
\symAMSa=\mathgroup4
\symAMSb=\mathgroup5
LaTeX Font Info:    Overwriting math alphabet `\mathfrak' in version `bold'
(Font)                  U/euf/m/n --> U/euf/b/n on input line 106.
))
(/usr/share/texlive/texmf-dist/tex/latex/graphics/graphicx.sty
Package: graphicx 2017/06/01 v1.1a Enhanced LaTeX Graphics (DPC,SPQR)

(/usr/share/texlive/texmf-dist/tex/latex/graphics/keyval.sty
Package: keyval 2014/10/28 v1.15 key=value parser (DPC)
\KV@toks@=\toks25
)
(/usr/share/texlive/texmf-dist/tex/latex/graphics/graphics.sty
Package: graphics 2017/06/25 v1.2c Standard LaTeX Graphics (DPC,SPQR)

(/usr/share/texlive/texmf-dist/tex/latex/graphics/trig.sty
Package: trig 2016/01/03 v1.10 sin cos tan (DPC)
)
(/usr/share/texlive/texmf-dist/tex/latex/graphics-cfg/graphics.cfg
File: graphics.cfg 2016/06/04 v1.11 sample graphics configuration
)
Package graphics Info: Driver file: pdftex.def on input line 99.

(/usr/share/texlive/texmf-dist/tex/latex/graphics-def/pdftex.def
File: pdftex.def 2018/01/08 v1.0l Graphics/color driver for pdftex
))
\Gin@req@height=\dimen112
\Gin@req@width=\dimen113
)
(./notes.aux)
\openout1 = `notes.aux'.

LaTeX Font Info:    Checking defaults for OML/cmm/m/it on input line 62.
LaTeX Font Info:    ... okay on input line 62.
LaTeX Font Info:    Checking defaults for T1/cmr/m/n on input line 62.
LaTeX Font Info:    ... okay on input line 62.
LaTeX Font Info:    Checking defaults for OT1/cmr/m/n on input line 62.
LaTeX Font Info:    ... okay on input line 62.
LaTeX Font Info:    Checking defaults for OMS/cmsy/m/n on input line 62.
LaTeX Font Info:    ... okay on input line 62.
LaTeX Font Info:    Checking defaults for OMX/cmex/m/n on input line 62.
LaTeX Font Info:    ... okay on input line 62.
LaTeX Font Info:    Checking defaults for U/cmr/m/n on input line 62.
LaTeX Font Info:    ... okay on input line 62.

(/usr/share/texlive/texmf-dist/tex/context/base/mkii/supp-pdf.mkii
[Loading MPS to PDF converter (version 2006.09.02).]
\scratchcounter=\count99
\scratchdimen=\dimen114
\scratchbox=\box28
\nofMPsegments=\count100
\nofMParguments=\count101
\everyMPshowfont=\toks26
\MPscratchCnt=\count102
\MPscratchDim=\dimen115
\MPnumerator=\count103
\makeMPintoPDFobject=\count104
\everyMPtoPDFconversion=\toks27
) (/usr/share/texlive/texmf-dist/tex/latex/oberdiek/epstopdf-base.sty
Package: epstopdf-base 2016/05/15 v2.6 Base part for package epstopdf

(/usr/share/texlive/texmf-dist/tex/generic/oberdiek/infwarerr.sty
Package: infwarerr 2016/05/16 v1.4 Providing info/warning/error messages (HO)
)
(/usr/share/texlive/texmf-dist/tex/latex/oberdiek/grfext.sty
Package: grfext 2016/05/16 v1.2 Manage graphics extensions (HO)

(/usr/share/texlive/texmf-dist/tex/generic/oberdiek/kvdefinekeys.sty
Package: kvdefinekeys 2016/05/16 v1.4 Define keys (HO)

(/usr/share/texlive/texmf-dist/tex/generic/oberdiek/ltxcmds.sty
Package: ltxcmds 2016/05/16 v1.23 LaTeX kernel commands for general use (HO)
)))
(/usr/share/texlive/texmf-dist/tex/latex/oberdiek/kvoptions.sty
Package: kvoptions 2016/05/16 v3.12 Key value format for package options (HO)

(/usr/share/texlive/texmf-dist/tex/generic/oberdiek/kvsetkeys.sty
Package: kvsetkeys 2016/05/16 v1.17 Key value parser (HO)

(/usr/share/texlive/texmf-dist/tex/generic/oberdiek/etexcmds.sty
Package: etexcmds 2016/05/16 v1.6 Avoid name clashes with e-TeX commands (HO)

(/usr/share/texlive/texmf-dist/tex/generic/oberdiek/ifluatex.sty
Package: ifluatex 2016/05/16 v1.4 Provides the ifluatex switch (HO)
Package ifluatex Info: LuaTeX not detected.
)
Package etexcmds Info: Could not find \expanded.
(etexcmds)             That can mean that you are not using pdfTeX 1.50 or
(etexcmds)             that some package has redefined \expanded.
(etexcmds)             In the latter case, load this package earlier.
)))
(/usr/share/texlive/texmf-dist/tex/generic/oberdiek/pdftexcmds.sty
Package: pdftexcmds 2018/01/21 v0.26 Utility functions of pdfTeX for LuaTeX (HO
)

(/usr/share/texlive/texmf-dist/tex/generic/oberdiek/ifpdf.sty
Package: ifpdf 2017/03/15 v3.2 Provides the ifpdf switch
)
Package pdftexcmds Info: LuaTeX not detected.
Package pdftexcmds Info: \pdf@primitive is available.
Package pdftexcmds Info: \pdf@ifprimitive is available.
Package pdftexcmds Info: \pdfdraftmode found.
)
Package epstopdf-base Info: Redefining graphics rule for `.eps' on input line 4
38.
Package grfext Info: Graphics extension search list:
(grfext)             [.pdf,.png,.jpg,.mps,.jpeg,.jbig2,.jb2,.PDF,.PNG,.JPG,.JPE
G,.JBIG2,.JB2,.eps]
(grfext)             \AppendGraphicsExtensions on input line 456.

(/usr/share/texlive/texmf-dist/tex/latex/latexconfig/epstopdf-sys.cfg
File: epstopdf-sys.cfg 2010/07/13 v1.3 Configuration of (r)epstopdf for TeX Liv
e
))
LaTeX Font Info:    Try loading font information for U+msa on input line 65.

(/usr/share/texlive/texmf-dist/tex/latex/amsfonts/umsa.fd
File: umsa.fd 2013/01/14 v3.01 AMS symbols A
)
LaTeX Font Info:    Try loading font information for U+msb on input line 65.

(/usr/share/texlive/texmf-dist/tex/latex/amsfonts/umsb.fd
File: umsb.fd 2013/01/14 v3.01 AMS symbols B
) [1

{/var/lib/texmf/fonts/map/pdftex/updmap/pdftex.map}] (./notes.toc)
\tf@toc=\write3
\openout3 = `notes.toc'.

 [1]
Underfull \hbox (badness 10000) in paragraph at lines 75--89

 []


Underfull \hbox (badness 10000) in paragraph at lines 75--89

 []


Underfull \hbox (badness 10000) in paragraph at lines 75--89

 []


Underfull \hbox (badness 10000) in paragraph at lines 75--89

 []


Underfull \hbox (badness 10000) in paragraph at lines 75--89

 []


Underfull \hbox (badness 10000) in paragraph at lines 75--89

 []

[2]

LaTeX Warning: Command \textless invalid in math mode on input line 102.

LaTeX Font Info:    Try loading font information for OML+cmr on input line 102.

(/usr/share/texlive/texmf-dist/tex/latex/base/omlcmr.fd
File: omlcmr.fd 2014/09/29 v2.5h Standard LaTeX font definitions
)
LaTeX Font Info:    Font shape `OML/cmr/m/n' in size <10> not available
(Font)              Font shape `OML/cmm/m/it' tried instead on input line 102.


LaTeX Warning: Command \textless invalid in math mode on input line 102.


LaTeX Warning: Command \textless invalid in math mode on input line 102.


LaTeX Warning: Command \textless invalid in math mode on input line 102.


LaTeX Warning: Command \textless invalid in math mode on input line 111.


LaTeX Warning: Command \textless invalid in math mode on input line 111.


Underfull \hbox (badness 10000) in paragraph at lines 96--112

 []


Underfull \hbox (badness 10000) in paragraph at lines 96--112

 []


Underfull \hbox (badness 10000) in paragraph at lines 96--112

 []


Underfull \hbox (badness 10000) in paragraph at lines 96--112

 []

[3]
LaTeX Font Info:    Try loading font information for OMS+cmr on input line 113.

 (/usr/share/texlive/texmf-dist/tex/latex/base/omscmr.fd
File: omscmr.fd 2014/09/29 v2.5h Standard LaTeX font definitions
)
LaTeX Font Info:    Font shape `OMS/cmr/m/n' in size <10> not available
(Font)              Font shape `OMS/cmsy/m/n' tried instead on input line 113.
 [4]
Underfull \hbox (badness 10000) in paragraph at lines 143--145

 []

[5]
Underfull \hbox (badness 10000) in paragraph at lines 166--170

 []


LaTeX Warning: Command \textgreater invalid in math mode on input line 178.


LaTeX Warning: Command \textgreater invalid in math mode on input line 178.


LaTeX Warning: Command \textgreater invalid in math mode on input line 178.


LaTeX Warning: Command \textgreater invalid in math mode on input line 178.


Underfull \hbox (badness 10000) in paragraph at lines 176--179

 []


LaTeX Warning: Command \textless invalid in math mode on input line 182.


LaTeX Warning: Command \textless invalid in math mode on input line 182.


LaTeX Warning: Command \textgreater invalid in math mode on input line 184.


LaTeX Warning: Command \textgreater invalid in math mode on input line 184.

[6]

LaTeX Warning: Command \textless invalid in math mode on input line 192.


LaTeX Warning: Command \textless invalid in math mode on input line 192.


Underfull \hbox (badness 10000) in paragraph at lines 190--194

 []


LaTeX Warning: Command \textgreater invalid in math mode on input line 204.


LaTeX Warning: Command \textgreater invalid in math mode on input line 204.

[7]
Underfull \hbox (badness 10000) in paragraph at lines 226--236

 []


Overfull \hbox (5.00053pt too wide) in paragraph at lines 226--236
\OT1/cmr/m/n/10 ---------------------------------------------------------------
------------------------------------------
 []


Overfull \hbox (5.00053pt too wide) in paragraph at lines 226--236
\OT1/cmr/m/n/10 ---------------------------------------------------------------
------------------------------------------
 []


Underfull \hbox (badness 10000) in paragraph at lines 226--236

 []


Underfull \hbox (badness 10000) in paragraph at lines 226--236

 []

[8]

LaTeX Warning: Command \textgreater invalid in math mode on input line 254.


LaTeX Warning: Command \textgreater invalid in math mode on input line 254.


LaTeX Warning: Command \textgreater invalid in math mode on input line 257.


LaTeX Warning: Command \textgreater invalid in math mode on input line 257.


LaTeX Warning: Command \textless invalid in math mode on input line 259.


LaTeX Warning: Command \textless invalid in math mode on input line 259.


Underfull \hbox (badness 10000) in paragraph at lines 251--264

 []


Overfull \hbox (5.00053pt too wide) in paragraph at lines 251--264
\OT1/cmr/m/n/10 ---------------------------------------------------------------
------------------------------------------
 []


Overfull \hbox (5.00053pt too wide) in paragraph at lines 251--264
\OT1/cmr/m/n/10 ---------------------------------------------------------------
------------------------------------------
 []


Underfull \hbox (badness 10000) in paragraph at lines 251--264

 []

[9]
Underfull \hbox (badness 10000) in paragraph at lines 277--283

 []


Underfull \hbox (badness 10000) in paragraph at lines 277--283

 []


Underfull \hbox (badness 10000) in paragraph at lines 277--283

 []

[10]
Underfull \hbox (badness 10000) in paragraph at lines 341--352

 []


Overfull \hbox (5.00053pt too wide) in paragraph at lines 341--352
\OT1/cmr/m/n/10 ---------------------------------------------------------------
------------------------------------------
 []


Overfull \hbox (5.00053pt too wide) in paragraph at lines 341--352
\OT1/cmr/m/n/10 ---------------------------------------------------------------
------------------------------------------
 []


Underfull \hbox (badness 10000) in paragraph at lines 341--352

 []

[11]

LaTeX Warning: Command \textless invalid in math mode on input line 361.


LaTeX Warning: Command \textless invalid in math mode on input line 361.


LaTeX Warning: Command \textgreater invalid in math mode on input line 365.


LaTeX Warning: Command \textgreater invalid in math mode on input line 365.


LaTeX Warning: Command \textless invalid in math mode on input line 367.


LaTeX Warning: Command \textless invalid in math mode on input line 367.


Underfull \hbox (badness 10000) in paragraph at lines 355--373

 []


Overfull \hbox (5.00053pt too wide) in paragraph at lines 355--373
\OT1/cmr/m/n/10 ---------------------------------------------------------------
------------------------------------------
 []


Underfull \hbox (badness 10000) in paragraph at lines 355--373

 []


Overfull \hbox (5.00053pt too wide) in paragraph at lines 355--373
\OT1/cmr/m/n/10 ---------------------------------------------------------------
------------------------------------------
 []


Underfull \hbox (badness 10000) in paragraph at lines 355--373

 []


Underfull \hbox (badness 10000) in paragraph at lines 355--373

 []


Underfull \hbox (badness 10000) in paragraph at lines 355--373

 []

[12]

LaTeX Warning: Command \textless invalid in math mode on input line 394.


LaTeX Warning: Command \textless invalid in math mode on input line 394.


LaTeX Warning: Command \textgreater invalid in math mode on input line 398.


LaTeX Warning: Command \textgreater invalid in math mode on input line 398.


LaTeX Warning: Command \textless invalid in math mode on input line 400.


LaTeX Warning: Command \textless invalid in math mode on input line 400.


Underfull \hbox (badness 10000) in paragraph at lines 379--404

 []


Underfull \hbox (badness 10000) in paragraph at lines 379--404

 []


Underfull \hbox (badness 10000) in paragraph at lines 379--404

 []


Underfull \hbox (badness 10000) in paragraph at lines 379--404

 []


Underfull \hbox (badness 10000) in paragraph at lines 379--404

 []


Overfull \hbox (5.00053pt too wide) in paragraph at lines 379--404
\OT1/cmr/m/n/10 ---------------------------------------------------------------
------------------------------------------
 []


Underfull \hbox (badness 10000) in paragraph at lines 379--404

 []


Underfull \hbox (badness 10000) in paragraph at lines 379--404

 []


Overfull \hbox (5.00053pt too wide) in paragraph at lines 379--404
\OT1/cmr/m/n/10 ---------------------------------------------------------------
------------------------------------------
 []


Underfull \hbox (badness 10000) in paragraph at lines 379--404

 []

[13] [14] [15] [16] [17] [18] [19] (./notes.aux) ) 
Here is how much of TeX's memory you used:
 2497 strings out of 494923
 32428 string characters out of 6180743
 93076 words of memory out of 5000000
 5769 multiletter control sequences out of 15000+600000
 13166 words of font info for 50 fonts, out of 8000000 for 9000
 14 hyphenation exceptions out of 8191
 41i,14n,26p,921b,205s stack positions out of 5000i,500n,10000p,200000b,80000s
</usr/share/texlive/texmf-dis
t/fonts/type1/public/amsfonts/cm/cmbx10.pfb></usr/share/texlive/texmf-dist/font
s/type1/public/amsfonts/cm/cmbx12.pfb></usr/share/texlive/texmf-dist/fonts/type
1/public/amsfonts/cm/cmex10.pfb></usr/share/texlive/texmf-dist/fonts/type1/publ
ic/amsfonts/cm/cmmi10.pfb></usr/share/texlive/texmf-dist/fonts/type1/public/ams
fonts/cm/cmmi5.pfb></usr/share/texlive/texmf-dist/fonts/type1/public/amsfonts/c
m/cmmi7.pfb></usr/share/texlive/texmf-dist/fonts/type1/public/amsfonts/cm/cmr10
.pfb></usr/share/texlive/texmf-dist/fonts/type1/public/amsfonts/cm/cmr12.pfb></
usr/share/texlive/texmf-dist/fonts/type1/public/amsfonts/cm/cmr17.pfb></usr/sha
re/texlive/texmf-dist/fonts/type1/public/amsfonts/cm/cmr5.pfb></usr/share/texli
ve/texmf-dist/fonts/type1/public/amsfonts/cm/cmr7.pfb></usr/share/texlive/texmf
-dist/fonts/type1/public/amsfonts/cm/cmsy10.pfb></usr/share/texlive/texmf-dist/
fonts/type1/public/amsfonts/cm/cmsy7.pfb></usr/share/texlive/texmf-dist/fonts/t
ype1/public/amsfonts/cm/cmti10.pfb></usr/share/texlive/texmf-dist/fonts/type1/p
ublic/amsfonts/symbols/msbm10.pfb>
Output written on notes.pdf (20 pages, 216823 bytes).
PDF statistics:
 129 PDF objects out of 1000 (max. 8388607)
 91 compressed objects within 1 object stream
 0 named destinations out of 1000 (max. 500000)
 1 words of extra memory for PDF output out of 10000 (max. 10000000)

